<?xml version="1.0" encoding="UTF-8"?>
<testng-results ignored="0" total="5" passed="5" failed="0" skipped="0">
  <reporter-output>
  </reporter-output>
  <suite started-at="2024-02-20T15:06:36 EST" name="RegressionSuite" finished-at="2024-02-20T15:06:58 EST" duration-ms="22721">
    <groups>
    </groups>
    <test started-at="2024-02-20T15:06:36 EST" name="RegressionTest" finished-at="2024-02-20T15:06:58 EST" duration-ms="22721">
      <class name="com.SalesforceApp.Automationtests.AutomationScripts">
        <test-method is-config="true" signature="setUpBeforeMethod(java.lang.String,org.testng.ITestResult)[pri:0, instance:com.SalesforceApp.Automationtests.AutomationScripts@10b9db7b]" started-at="2024-02-20T15:06:36 EST" name="setUpBeforeMethod" finished-at="2024-02-20T15:06:41 EST" duration-ms="5458" status="PASS">
          <params>
            <param index="0">
              <value>
                <![CDATA[chrome]]>
              </value>
            </param>
            <param index="1">
              <value>
                <![CDATA[[TestResult name={null} status=CREATED method=AutomationScripts.Rememberme_login_3()[pri:0, instance:com.SalesforceApp.Automationtests.AutomationScripts@10b9db7b] output={null}]]]>
              </value>
            </param>
          </params>
          <reporter-output>
          </reporter-output>
        </test-method> <!-- setUpBeforeMethod -->
        <test-method signature="Rememberme_login_3()[pri:0, instance:com.SalesforceApp.Automationtests.AutomationScripts@10b9db7b]" started-at="2024-02-20T15:06:41 EST" name="Rememberme_login_3" finished-at="2024-02-20T15:06:46 EST" duration-ms="4236" status="PASS">
          <reporter-output>
          </reporter-output>
        </test-method> <!-- Rememberme_login_3 -->
        <test-method is-config="true" signature="tearDownAfterTestMethod()[pri:0, instance:com.SalesforceApp.Automationtests.AutomationScripts@10b9db7b]" started-at="2024-02-20T15:06:46 EST" name="tearDownAfterTestMethod" finished-at="2024-02-20T15:06:46 EST" duration-ms="108" status="PASS">
          <reporter-output>
          </reporter-output>
        </test-method> <!-- tearDownAfterTestMethod -->
        <test-method is-config="true" signature="setUpBeforeMethod(java.lang.String,org.testng.ITestResult)[pri:0, instance:com.SalesforceApp.Automationtests.AutomationScripts@10b9db7b]" started-at="2024-02-20T15:06:46 EST" name="setUpBeforeMethod" finished-at="2024-02-20T15:06:48 EST" duration-ms="1931" status="PASS">
          <params>
            <param index="0">
              <value>
                <![CDATA[chrome]]>
              </value>
            </param>
            <param index="1">
              <value>
                <![CDATA[[TestResult name={null} status=CREATED method=AutomationScripts.Rememberme_login_4a()[pri:0, instance:com.SalesforceApp.Automationtests.AutomationScripts@10b9db7b] output={null}]]]>
              </value>
            </param>
          </params>
          <reporter-output>
          </reporter-output>
        </test-method> <!-- setUpBeforeMethod -->
        <test-method signature="Rememberme_login_4a()[pri:0, instance:com.SalesforceApp.Automationtests.AutomationScripts@10b9db7b]" started-at="2024-02-20T15:06:48 EST" name="Rememberme_login_4a" finished-at="2024-02-20T15:06:48 EST" duration-ms="898" status="PASS">
          <reporter-output>
          </reporter-output>
        </test-method> <!-- Rememberme_login_4a -->
        <test-method is-config="true" signature="tearDownAfterTestMethod()[pri:0, instance:com.SalesforceApp.Automationtests.AutomationScripts@10b9db7b]" started-at="2024-02-20T15:06:48 EST" name="tearDownAfterTestMethod" finished-at="2024-02-20T15:06:49 EST" duration-ms="110" status="PASS">
          <reporter-output>
          </reporter-output>
        </test-method> <!-- tearDownAfterTestMethod -->
        <test-method is-config="true" signature="setUpBeforeMethod(java.lang.String,org.testng.ITestResult)[pri:0, instance:com.SalesforceApp.Automationtests.AutomationScripts@10b9db7b]" started-at="2024-02-20T15:06:49 EST" name="setUpBeforeMethod" finished-at="2024-02-20T15:06:50 EST" duration-ms="1590" status="PASS">
          <params>
            <param index="0">
              <value>
                <![CDATA[chrome]]>
              </value>
            </param>
            <param index="1">
              <value>
                <![CDATA[[TestResult name={null} status=CREATED method=AutomationScripts.Rememberme_login_4b()[pri:0, instance:com.SalesforceApp.Automationtests.AutomationScripts@10b9db7b] output={null}]]]>
              </value>
            </param>
          </params>
          <reporter-output>
          </reporter-output>
        </test-method> <!-- setUpBeforeMethod -->
        <test-method signature="Rememberme_login_4b()[pri:0, instance:com.SalesforceApp.Automationtests.AutomationScripts@10b9db7b]" started-at="2024-02-20T15:06:50 EST" name="Rememberme_login_4b" finished-at="2024-02-20T15:06:51 EST" duration-ms="751" status="PASS">
          <reporter-output>
          </reporter-output>
        </test-method> <!-- Rememberme_login_4b -->
        <test-method is-config="true" signature="tearDownAfterTestMethod()[pri:0, instance:com.SalesforceApp.Automationtests.AutomationScripts@10b9db7b]" started-at="2024-02-20T15:06:51 EST" name="tearDownAfterTestMethod" finished-at="2024-02-20T15:06:51 EST" duration-ms="111" status="PASS">
          <reporter-output>
          </reporter-output>
        </test-method> <!-- tearDownAfterTestMethod -->
        <test-method is-config="true" signature="setUpBeforeMethod(java.lang.String,org.testng.ITestResult)[pri:0, instance:com.SalesforceApp.Automationtests.AutomationScripts@10b9db7b]" started-at="2024-02-20T15:06:51 EST" name="setUpBeforeMethod" finished-at="2024-02-20T15:06:53 EST" duration-ms="1750" status="PASS">
          <params>
            <param index="0">
              <value>
                <![CDATA[chrome]]>
              </value>
            </param>
            <param index="1">
              <value>
                <![CDATA[[TestResult name={null} status=CREATED method=AutomationScripts.invalid_login_1()[pri:0, instance:com.SalesforceApp.Automationtests.AutomationScripts@10b9db7b] output={null}]]]>
              </value>
            </param>
          </params>
          <reporter-output>
          </reporter-output>
        </test-method> <!-- setUpBeforeMethod -->
        <test-method signature="invalid_login_1()[pri:0, instance:com.SalesforceApp.Automationtests.AutomationScripts@10b9db7b]" started-at="2024-02-20T15:06:53 EST" name="invalid_login_1" finished-at="2024-02-20T15:06:53 EST" duration-ms="687" status="PASS">
          <reporter-output>
          </reporter-output>
        </test-method> <!-- invalid_login_1 -->
        <test-method is-config="true" signature="tearDownAfterTestMethod()[pri:0, instance:com.SalesforceApp.Automationtests.AutomationScripts@10b9db7b]" started-at="2024-02-20T15:06:53 EST" name="tearDownAfterTestMethod" finished-at="2024-02-20T15:06:54 EST" duration-ms="114" status="PASS">
          <reporter-output>
          </reporter-output>
        </test-method> <!-- tearDownAfterTestMethod -->
        <test-method is-config="true" signature="setUpBeforeMethod(java.lang.String,org.testng.ITestResult)[pri:0, instance:com.SalesforceApp.Automationtests.AutomationScripts@10b9db7b]" started-at="2024-02-20T15:06:54 EST" name="setUpBeforeMethod" finished-at="2024-02-20T15:06:55 EST" duration-ms="1561" status="PASS">
          <params>
            <param index="0">
              <value>
                <![CDATA[chrome]]>
              </value>
            </param>
            <param index="1">
              <value>
                <![CDATA[[TestResult name={null} status=CREATED method=AutomationScripts.succesLogin_2()[pri:0, instance:com.SalesforceApp.Automationtests.AutomationScripts@10b9db7b] output={null}]]]>
              </value>
            </param>
          </params>
          <reporter-output>
          </reporter-output>
        </test-method> <!-- setUpBeforeMethod -->
        <test-method signature="succesLogin_2()[pri:0, instance:com.SalesforceApp.Automationtests.AutomationScripts@10b9db7b]" started-at="2024-02-20T15:06:55 EST" name="succesLogin_2" finished-at="2024-02-20T15:06:58 EST" duration-ms="3110" status="PASS">
          <reporter-output>
          </reporter-output>
        </test-method> <!-- succesLogin_2 -->
        <test-method is-config="true" signature="tearDownAfterTestMethod()[pri:0, instance:com.SalesforceApp.Automationtests.AutomationScripts@10b9db7b]" started-at="2024-02-20T15:06:58 EST" name="tearDownAfterTestMethod" finished-at="2024-02-20T15:06:58 EST" duration-ms="111" status="PASS">
          <reporter-output>
          </reporter-output>
        </test-method> <!-- tearDownAfterTestMethod -->
      </class> <!-- com.SalesforceApp.Automationtests.AutomationScripts -->
    </test> <!-- RegressionTest -->
  </suite> <!-- RegressionSuite -->
</testng-results>
