<?xml version="1.0" encoding="UTF-8"?>
<testsuite xmlns:xsi="http://www.w3.org/2001/XMLSchema-instance" xsi:noNamespaceSchemaLocation="https://maven.apache.org/surefire/maven-surefire-plugin/xsd/surefire-test-report-3.0.xsd" version="3.0" name="TestSuite" time="23.815" tests="5" errors="0" skipped="0" failures="0">
  <properties>
[...]
</properties>
  <testcase name="Rememberme_login_3" classname="com.SalesforceApp.Automationtests.AutomationScripts" time="4.233">
    <system-out><![CDATA[2024-02-20 15:06:36,149 INFO  SalesforceAppListnerUtility.java:72 - RegressionTest has started....................
2024-02-20 15:06:36,326 INFO  BaseTest.java:46 - .........BeforeMethod setUpBeforeMethod executed---------------
2024-02-20 15:06:37,696 INFO  BaseTest.java:67 - browser instance chrome created.
2024-02-20 15:06:37,836 INFO  BaseTest.java:70 - window is maximized
ChromeDriver: chrome on WINDOWS (0259e81c4927fd3db6a2a4350d7bbda7)
2024-02-20 15:06:41,777 INFO  BaseTest.java:106 - https://attcom-dev-ed.develop.my.salesforce.com/is entered
2024-02-20 15:06:41,778 INFO  SalesforceAppListnerUtility.java:23 - Rememberme_login_3.......test execution started........
2024-02-20 15:06:41,881 INFO  BasePage.java:124 - userNameElementis visible
2024-02-20 15:06:42,059 INFO  BasePage.java:55 - data is entered in Username textbox textbox
2024-02-20 15:06:42,213 INFO  BasePage.java:55 - data is entered in password field textbox
2024-02-20 15:06:42,523 INFO  BasePage.java:66 - Remember Mebutton is clicked
2024-02-20 15:06:44,221 INFO  BasePage.java:66 - login buttonbutton is clicked
2024-02-20 15:06:45,513 INFO  BasePage.java:124 - usermenuis visible
2024-02-20 15:06:45,728 INFO  BasePage.java:124 - logoutis visible
https://attcom-dev-ed.develop.my.salesforce.com/secur/logout.jsp
]]></system-out>
    <system-err><![CDATA[SLF4J: No SLF4J providers were found.
SLF4J: Defaulting to no-operation (NOP) logger implementation
SLF4J: See https://www.slf4j.org/codes.html#noProviders for further details.
Starting ChromeDriver 121.0.6167.184 (057a8ae7deb3374d0f1b04b36304d236f0136188-refs/branch-heads/6167@{#1818}) on port 40020
Only local connections are allowed.
Please see https://chromedriver.chromium.org/security-considerations for suggestions on keeping ChromeDriver safe.
ChromeDriver was started successfully.
Feb 20, 2024 3:06:37 PM org.openqa.selenium.remote.ProtocolHandshake createSession
INFO: Detected dialect: W3C
]]></system-err>
  </testcase>
  <testcase name="Rememberme_login_4a" classname="com.SalesforceApp.Automationtests.AutomationScripts" time="0.898">
    <system-out><![CDATA[2024-02-20 15:06:46,017 INFO  SalesforceAppListnerUtility.java:30 - Rememberme_login_3.......test execution completed with success........
2024-02-20 15:06:46,128 INFO  BaseTest.java:112 - browser instance closed
2024-02-20 15:06:46,128 INFO  BaseTest.java:56 - ******tearDownAfterTestMethod executed***********
2024-02-20 15:06:46,130 INFO  BaseTest.java:46 - .........BeforeMethod setUpBeforeMethod executed---------------
2024-02-20 15:06:46,950 INFO  BaseTest.java:67 - browser instance chrome created.
2024-02-20 15:06:47,092 INFO  BaseTest.java:70 - window is maximized
ChromeDriver: chrome on WINDOWS (a4aefaec128aa4a8d7b6d0de227be551)
2024-02-20 15:06:48,060 INFO  BaseTest.java:106 - https://attcom-dev-ed.develop.my.salesforce.com/is entered
2024-02-20 15:06:48,060 INFO  SalesforceAppListnerUtility.java:23 - Rememberme_login_4a.......test execution started........
2024-02-20 15:06:48,370 INFO  BasePage.java:66 - Forget passwordbutton is clicked
2024-02-20 15:06:48,433 INFO  BasePage.java:124 - forgetpassusernameis visible
2024-02-20 15:06:48,580 INFO  BasePage.java:55 - data is entered in Forgot Password Username textbox textbox
2024-02-20 15:06:48,858 INFO  BasePage.java:66 - Forget password Continuebutton is clicked
2024-02-20 15:06:48,926 INFO  BasePage.java:124 - userNameElementis visible
2024-02-20 15:06:48,957 INFO  BasePage.java:77 - text is extracted from Check Your Email error message
2024-02-20 15:06:48,958 INFO  BasePage.java:78 - Extracted Text We’ve sent you an email with a link to finish resetting your password.
]]></system-out>
    <system-err><![CDATA[Starting ChromeDriver 121.0.6167.184 (057a8ae7deb3374d0f1b04b36304d236f0136188-refs/branch-heads/6167@{#1818}) on port 62438
Only local connections are allowed.
Please see https://chromedriver.chromium.org/security-considerations for suggestions on keeping ChromeDriver safe.
ChromeDriver was started successfully.
Feb 20, 2024 3:06:46 PM org.openqa.selenium.remote.ProtocolHandshake createSession
INFO: Detected dialect: W3C
]]></system-err>
  </testcase>
  <testcase name="Rememberme_login_4b" classname="com.SalesforceApp.Automationtests.AutomationScripts" time="0.75">
    <system-out><![CDATA[2024-02-20 15:06:48,959 INFO  SalesforceAppListnerUtility.java:30 - Rememberme_login_4a.......test execution completed with success........
2024-02-20 15:06:49,070 INFO  BaseTest.java:112 - browser instance closed
2024-02-20 15:06:49,070 INFO  BaseTest.java:56 - ******tearDownAfterTestMethod executed***********
2024-02-20 15:06:49,073 INFO  BaseTest.java:46 - .........BeforeMethod setUpBeforeMethod executed---------------
2024-02-20 15:06:49,857 INFO  BaseTest.java:67 - browser instance chrome created.
2024-02-20 15:06:49,992 INFO  BaseTest.java:70 - window is maximized
ChromeDriver: chrome on WINDOWS (9ac7a30187014a1e54dd5c81c6cc6f34)
2024-02-20 15:06:50,662 INFO  BaseTest.java:106 - https://attcom-dev-ed.develop.my.salesforce.com/is entered
2024-02-20 15:06:50,662 INFO  SalesforceAppListnerUtility.java:23 - Rememberme_login_4b.......test execution started........
2024-02-20 15:06:50,721 INFO  BasePage.java:124 - userNameElementis visible
2024-02-20 15:06:50,910 INFO  BasePage.java:55 - data is entered in Username textbox textbox
2024-02-20 15:06:51,053 INFO  BasePage.java:55 - data is entered in password field textbox
2024-02-20 15:06:51,362 INFO  BasePage.java:66 - login buttonbutton is clicked
2024-02-20 15:06:51,392 INFO  BasePage.java:124 - invaliduserpassis visible
2024-02-20 15:06:51,413 INFO  BasePage.java:77 - text is extracted from error message for invalid username & password
2024-02-20 15:06:51,413 INFO  BasePage.java:78 - Extracted Text Please check your username and password. If you still can't log in, contact your Salesforce administrator.
]]></system-out>
    <system-err><![CDATA[Starting ChromeDriver 121.0.6167.184 (057a8ae7deb3374d0f1b04b36304d236f0136188-refs/branch-heads/6167@{#1818}) on port 51742
Only local connections are allowed.
Please see https://chromedriver.chromium.org/security-considerations for suggestions on keeping ChromeDriver safe.
ChromeDriver was started successfully.
Feb 20, 2024 3:06:49 PM org.openqa.selenium.remote.ProtocolHandshake createSession
INFO: Detected dialect: W3C
]]></system-err>
  </testcase>
  <testcase name="invalid_login_1" classname="com.SalesforceApp.Automationtests.AutomationScripts" time="0.687">
    <system-out><![CDATA[2024-02-20 15:06:51,414 INFO  SalesforceAppListnerUtility.java:30 - Rememberme_login_4b.......test execution completed with success........
2024-02-20 15:06:51,525 INFO  BaseTest.java:112 - browser instance closed
2024-02-20 15:06:51,525 INFO  BaseTest.java:56 - ******tearDownAfterTestMethod executed***********
2024-02-20 15:06:51,527 INFO  BaseTest.java:46 - .........BeforeMethod setUpBeforeMethod executed---------------
2024-02-20 15:06:52,291 INFO  BaseTest.java:67 - browser instance chrome created.
2024-02-20 15:06:52,425 INFO  BaseTest.java:70 - window is maximized
ChromeDriver: chrome on WINDOWS (10ab7abca7339623cdf02f6bd38c0b91)
2024-02-20 15:06:53,275 INFO  BaseTest.java:106 - https://attcom-dev-ed.develop.my.salesforce.com/is entered
2024-02-20 15:06:53,276 INFO  SalesforceAppListnerUtility.java:23 - invalid_login_1.......test execution started........
2024-02-20 15:06:53,317 INFO  BasePage.java:124 - userNameElementis visible
2024-02-20 15:06:53,472 INFO  BasePage.java:55 - data is entered in Username textbox textbox
2024-02-20 15:06:53,571 INFO  BasePage.java:55 - data is entered in password field textbox
2024-02-20 15:06:53,885 INFO  BasePage.java:66 - login buttonbutton is clicked
2024-02-20 15:06:53,919 INFO  BasePage.java:124 - userNameElementis visible
2024-02-20 15:06:53,963 INFO  BasePage.java:77 - text is extracted from error message
2024-02-20 15:06:53,963 INFO  BasePage.java:78 - Extracted Text Please enter your password.
]]></system-out>
    <system-err><![CDATA[Starting ChromeDriver 121.0.6167.184 (057a8ae7deb3374d0f1b04b36304d236f0136188-refs/branch-heads/6167@{#1818}) on port 61916
Only local connections are allowed.
Please see https://chromedriver.chromium.org/security-considerations for suggestions on keeping ChromeDriver safe.
ChromeDriver was started successfully.
Feb 20, 2024 3:06:52 PM org.openqa.selenium.remote.ProtocolHandshake createSession
INFO: Detected dialect: W3C
]]></system-err>
  </testcase>
  <testcase name="succesLogin_2" classname="com.SalesforceApp.Automationtests.AutomationScripts" time="3.11">
    <system-out><![CDATA[2024-02-20 15:06:53,964 INFO  SalesforceAppListnerUtility.java:30 - invalid_login_1.......test execution completed with success........
2024-02-20 15:06:54,077 INFO  BaseTest.java:112 - browser instance closed
2024-02-20 15:06:54,078 INFO  BaseTest.java:56 - ******tearDownAfterTestMethod executed***********
2024-02-20 15:06:54,079 INFO  BaseTest.java:46 - .........BeforeMethod setUpBeforeMethod executed---------------
2024-02-20 15:06:54,835 INFO  BaseTest.java:67 - browser instance chrome created.
2024-02-20 15:06:54,966 INFO  BaseTest.java:70 - window is maximized
ChromeDriver: chrome on WINDOWS (837e4478401aaf77b31c77fb50b90acc)
2024-02-20 15:06:55,639 INFO  BaseTest.java:106 - https://attcom-dev-ed.develop.my.salesforce.com/is entered
2024-02-20 15:06:55,640 INFO  SalesforceAppListnerUtility.java:23 - succesLogin_2.......test execution started........
2024-02-20 15:06:55,640 INFO  AutomationScripts.java:55 - ******Login_to_Salesforce automation script started***********
2024-02-20 15:06:55,680 INFO  BasePage.java:124 - userNameElementis visible
2024-02-20 15:06:55,831 INFO  BasePage.java:55 - data is entered in Username textbox textbox
2024-02-20 15:06:55,944 INFO  BasePage.java:55 - data is entered in password field textbox
2024-02-20 15:06:57,653 INFO  BasePage.java:66 - login buttonbutton is clicked
2024-02-20 15:06:58,743 INFO  BasePage.java:124 - Salesforce HomePageis visible
text extracted from Salesforce HomePage=Home Page ~ Salesforce - Developer Edition
]]></system-out>
    <system-err><![CDATA[Starting ChromeDriver 121.0.6167.184 (057a8ae7deb3374d0f1b04b36304d236f0136188-refs/branch-heads/6167@{#1818}) on port 42153
Only local connections are allowed.
Please see https://chromedriver.chromium.org/security-considerations for suggestions on keeping ChromeDriver safe.
ChromeDriver was started successfully.
Feb 20, 2024 3:06:54 PM org.openqa.selenium.remote.ProtocolHandshake createSession
INFO: Detected dialect: W3C
]]></system-err>
  </testcase>
</testsuite>