<?xml version="1.0" encoding="UTF-8"?>
<!-- Generated by org.testng.reporters.JUnitXMLReporter -->
<testsuite ignored="0" hostname="DESKTOP-KFJASB6" failures="0" tests="5" name="RegressionTest" time="22.721" errors="0" timestamp="2024-02-20T15:06:58 EST">
  <testcase classname="com.SalesforceApp.Automationtests.AutomationScripts" name="Rememberme_login_3" time="4.236"/>
  <testcase classname="com.SalesforceApp.Automationtests.AutomationScripts" name="Rememberme_login_4a" time="0.898"/>
  <testcase classname="com.SalesforceApp.Automationtests.AutomationScripts" name="Rememberme_login_4b" time="0.751"/>
  <testcase classname="com.SalesforceApp.Automationtests.AutomationScripts" name="invalid_login_1" time="0.687"/>
  <testcase classname="com.SalesforceApp.Automationtests.AutomationScripts" name="succesLogin_2" time="3.11"/>
</testsuite> <!-- RegressionTest -->
